<testsuites id="" name="" tests="11" failures="11" skipped="0" errors="0" time="2.8256310000000004">
<testsuite name="ascii-donut-loading.spec.ts" timestamp="2025-10-09T03:44:02.518Z" hostname="chromium" tests="11" failures="11" skipped="0" time="0.162" errors="0">
<testcase name="AsciiDonutLoading Component › Visual Rendering › should display ASCII donut animation on initial load" classname="ascii-donut-loading.spec.ts" time="0.022">
<failure message="ascii-donut-loading.spec.ts:11:9 should display ASCII donut animation on initial load" type="FAILURE">
<![CDATA[  [chromium] › ascii-donut-loading.spec.ts:11:9 › AsciiDonutLoading Component › Visual Rendering › should display ASCII donut animation on initial load 

    Error: browserType.launch: Executable doesn't exist at /home/huan/.cache/ms-playwright/chromium_headless_shell-1194/chrome-linux/headless_shell
    ╔═════════════════════════════════════════════════════════════════════════╗
    ║ Looks like Playwright Test or Playwright was just installed or updated. ║
    ║ Please run the following command to download new browsers:              ║
    ║                                                                         ║
    ║     npx playwright install                                              ║
    ║                                                                         ║
    ║ <3 Playwright Team                                                      ║
    ╚═════════════════════════════════════════════════════════════════════════╝
]]>
</failure>
</testcase>
<testcase name="AsciiDonutLoading Component › Visual Rendering › should have proper accessibility attributes" classname="ascii-donut-loading.spec.ts" time="0.01">
<failure message="ascii-donut-loading.spec.ts:39:9 should have proper accessibility attributes" type="FAILURE">
<![CDATA[  [chromium] › ascii-donut-loading.spec.ts:39:9 › AsciiDonutLoading Component › Visual Rendering › should have proper accessibility attributes 

    Error: browserType.launch: Executable doesn't exist at /home/huan/.cache/ms-playwright/chromium_headless_shell-1194/chrome-linux/headless_shell
    ╔═════════════════════════════════════════════════════════════════════════╗
    ║ Looks like Playwright Test or Playwright was just installed or updated. ║
    ║ Please run the following command to download new browsers:              ║
    ║                                                                         ║
    ║     npx playwright install                                              ║
    ║                                                                         ║
    ║ <3 Playwright Team                                                      ║
    ╚═════════════════════════════════════════════════════════════════════════╝
]]>
</failure>
</testcase>
<testcase name="AsciiDonutLoading Component › Styling and Theme › should use Fallout theme colors" classname="ascii-donut-loading.spec.ts" time="0.013">
<failure message="ascii-donut-loading.spec.ts:61:9 should use Fallout theme colors" type="FAILURE">
<![CDATA[  [chromium] › ascii-donut-loading.spec.ts:61:9 › AsciiDonutLoading Component › Styling and Theme › should use Fallout theme colors 

    Error: browserType.launch: Executable doesn't exist at /home/huan/.cache/ms-playwright/chromium_headless_shell-1194/chrome-linux/headless_shell
    ╔═════════════════════════════════════════════════════════════════════════╗
    ║ Looks like Playwright Test or Playwright was just installed or updated. ║
    ║ Please run the following command to download new browsers:              ║
    ║                                                                         ║
    ║     npx playwright install                                              ║
    ║                                                                         ║
    ║ <3 Playwright Team                                                      ║
    ╚═════════════════════════════════════════════════════════════════════════╝
]]>
</failure>
</testcase>
<testcase name="AsciiDonutLoading Component › Styling and Theme › should use monospace font for ASCII art" classname="ascii-donut-loading.spec.ts" time="0.012">
<failure message="ascii-donut-loading.spec.ts:87:9 should use monospace font for ASCII art" type="FAILURE">
<![CDATA[  [chromium] › ascii-donut-loading.spec.ts:87:9 › AsciiDonutLoading Component › Styling and Theme › should use monospace font for ASCII art 

    Error: browserType.launch: Executable doesn't exist at /home/huan/.cache/ms-playwright/chromium_headless_shell-1194/chrome-linux/headless_shell
    ╔═════════════════════════════════════════════════════════════════════════╗
    ║ Looks like Playwright Test or Playwright was just installed or updated. ║
    ║ Please run the following command to download new browsers:              ║
    ║                                                                         ║
    ║     npx playwright install                                              ║
    ║                                                                         ║
    ║ <3 Playwright Team                                                      ║
    ╚═════════════════════════════════════════════════════════════════════════╝
]]>
</failure>
</testcase>
<testcase name="AsciiDonutLoading Component › Animation Behavior › should render static or animated content" classname="ascii-donut-loading.spec.ts" time="0.01">
<failure message="ascii-donut-loading.spec.ts:106:9 should render static or animated content" type="FAILURE">
<![CDATA[  [chromium] › ascii-donut-loading.spec.ts:106:9 › AsciiDonutLoading Component › Animation Behavior › should render static or animated content 

    Error: browserType.launch: Executable doesn't exist at /home/huan/.cache/ms-playwright/chromium_headless_shell-1194/chrome-linux/headless_shell
    ╔═════════════════════════════════════════════════════════════════════════╗
    ║ Looks like Playwright Test or Playwright was just installed or updated. ║
    ║ Please run the following command to download new browsers:              ║
    ║                                                                         ║
    ║     npx playwright install                                              ║
    ║                                                                         ║
    ║ <3 Playwright Team                                                      ║
    ╚═════════════════════════════════════════════════════════════════════════╝
]]>
</failure>
</testcase>
<testcase name="AsciiDonutLoading Component › Performance › should load within reasonable time" classname="ascii-donut-loading.spec.ts" time="0.01">
<failure message="ascii-donut-loading.spec.ts:124:9 should load within reasonable time" type="FAILURE">
<![CDATA[  [chromium] › ascii-donut-loading.spec.ts:124:9 › AsciiDonutLoading Component › Performance › should load within reasonable time 

    Error: browserType.launch: Executable doesn't exist at /home/huan/.cache/ms-playwright/chromium_headless_shell-1194/chrome-linux/headless_shell
    ╔═════════════════════════════════════════════════════════════════════════╗
    ║ Looks like Playwright Test or Playwright was just installed or updated. ║
    ║ Please run the following command to download new browsers:              ║
    ║                                                                         ║
    ║     npx playwright install                                              ║
    ║                                                                         ║
    ║ <3 Playwright Team                                                      ║
    ╚═════════════════════════════════════════════════════════════════════════╝
]]>
</failure>
</testcase>
<testcase name="AsciiDonutLoading Component › Responsive Design › should be visible on mobile viewport" classname="ascii-donut-loading.spec.ts" time="0.011">
<failure message="ascii-donut-loading.spec.ts:141:9 should be visible on mobile viewport" type="FAILURE">
<![CDATA[  [chromium] › ascii-donut-loading.spec.ts:141:9 › AsciiDonutLoading Component › Responsive Design › should be visible on mobile viewport 

    Error: browserType.launch: Executable doesn't exist at /home/huan/.cache/ms-playwright/chromium_headless_shell-1194/chrome-linux/headless_shell
    ╔═════════════════════════════════════════════════════════════════════════╗
    ║ Looks like Playwright Test or Playwright was just installed or updated. ║
    ║ Please run the following command to download new browsers:              ║
    ║                                                                         ║
    ║     npx playwright install                                              ║
    ║                                                                         ║
    ║ <3 Playwright Team                                                      ║
    ╚═════════════════════════════════════════════════════════════════════════╝
]]>
</failure>
</testcase>
<testcase name="AsciiDonutLoading Component › Responsive Design › should be visible on tablet viewport" classname="ascii-donut-loading.spec.ts" time="0.018">
<failure message="ascii-donut-loading.spec.ts:158:9 should be visible on tablet viewport" type="FAILURE">
<![CDATA[  [chromium] › ascii-donut-loading.spec.ts:158:9 › AsciiDonutLoading Component › Responsive Design › should be visible on tablet viewport 

    Error: browserType.launch: Executable doesn't exist at /home/huan/.cache/ms-playwright/chromium_headless_shell-1194/chrome-linux/headless_shell
    ╔═════════════════════════════════════════════════════════════════════════╗
    ║ Looks like Playwright Test or Playwright was just installed or updated. ║
    ║ Please run the following command to download new browsers:              ║
    ║                                                                         ║
    ║     npx playwright install                                              ║
    ║                                                                         ║
    ║ <3 Playwright Team                                                      ║
    ╚═════════════════════════════════════════════════════════════════════════╝
]]>
</failure>
</testcase>
<testcase name="AsciiDonutLoading Component › Responsive Design › should be visible on desktop viewport" classname="ascii-donut-loading.spec.ts" time="0.034">
<failure message="ascii-donut-loading.spec.ts:171:9 should be visible on desktop viewport" type="FAILURE">
<![CDATA[  [chromium] › ascii-donut-loading.spec.ts:171:9 › AsciiDonutLoading Component › Responsive Design › should be visible on desktop viewport 

    Error: browserType.launch: Executable doesn't exist at /home/huan/.cache/ms-playwright/chromium_headless_shell-1194/chrome-linux/headless_shell
    ╔═════════════════════════════════════════════════════════════════════════╗
    ║ Looks like Playwright Test or Playwright was just installed or updated. ║
    ║ Please run the following command to download new browsers:              ║
    ║                                                                         ║
    ║     npx playwright install                                              ║
    ║                                                                         ║
    ║ <3 Playwright Team                                                      ║
    ╚═════════════════════════════════════════════════════════════════════════╝
]]>
</failure>
</testcase>
<testcase name="AsciiDonutLoading Component › Reduced Motion › should respect prefers-reduced-motion" classname="ascii-donut-loading.spec.ts" time="0.011">
<failure message="ascii-donut-loading.spec.ts:186:9 should respect prefers-reduced-motion" type="FAILURE">
<![CDATA[  [chromium] › ascii-donut-loading.spec.ts:186:9 › AsciiDonutLoading Component › Reduced Motion › should respect prefers-reduced-motion 

    Error: browserType.launch: Executable doesn't exist at /home/huan/.cache/ms-playwright/chromium_headless_shell-1194/chrome-linux/headless_shell
    ╔═════════════════════════════════════════════════════════════════════════╗
    ║ Looks like Playwright Test or Playwright was just installed or updated. ║
    ║ Please run the following command to download new browsers:              ║
    ║                                                                         ║
    ║     npx playwright install                                              ║
    ║                                                                         ║
    ║ <3 Playwright Team                                                      ║
    ╚═════════════════════════════════════════════════════════════════════════╝
]]>
</failure>
</testcase>
<testcase name="AsciiDonutLoading Component › Integration with Auth Flow › should transition from loading to app content" classname="ascii-donut-loading.spec.ts" time="0.011">
<failure message="ascii-donut-loading.spec.ts:209:9 should transition from loading to app content" type="FAILURE">
<![CDATA[  [chromium] › ascii-donut-loading.spec.ts:209:9 › AsciiDonutLoading Component › Integration with Auth Flow › should transition from loading to app content 

    Error: browserType.launch: Executable doesn't exist at /home/huan/.cache/ms-playwright/chromium_headless_shell-1194/chrome-linux/headless_shell
    ╔═════════════════════════════════════════════════════════════════════════╗
    ║ Looks like Playwright Test or Playwright was just installed or updated. ║
    ║ Please run the following command to download new browsers:              ║
    ║                                                                         ║
    ║     npx playwright install                                              ║
    ║                                                                         ║
    ║ <3 Playwright Team                                                      ║
    ╚═════════════════════════════════════════════════════════════════════════╝
]]>
</failure>
</testcase>
</testsuite>
</testsuites>